[ns_server:error,2018-06-15T15:19:21.760Z,ns_1@127.0.0.1:index_stats_collector-fts<0.4886.8>:index_rest:get_json:42]Request to (fts) http://127.0.0.1:8094/api/nsstats failed: {error,
                                                            {econnrefused,
                                                             [{lhttpc_client,
                                                               send_request,1,
                                                               [{file,
                                                                 "/home/couchbase/jenkins/workspace/couchbase-server-unix/couchdb/src/lhttpc/lhttpc_client.erl"},
                                                                {line,220}]},
                                                              {lhttpc_client,
                                                               execute,9,
                                                               [{file,
                                                                 "/home/couchbase/jenkins/workspace/couchbase-server-unix/couchdb/src/lhttpc/lhttpc_client.erl"},
                                                                {line,169}]},
                                                              {lhttpc_client,
                                                               request,9,
                                                               [{file,
                                                                 "/home/couchbase/jenkins/workspace/couchbase-server-unix/couchdb/src/lhttpc/lhttpc_client.erl"},
                                                                {line,92}]}]}}
[ns_server:error,2018-06-15T20:08:01.747Z,ns_1@127.0.0.1:ns_heart<0.285.0>:ns_heart:grab_one_service_status:512]Failed to grab service index status: {exit,
                                      {noproc,
                                       {gen_server,call,
                                        ['service_agent-index',get_status,
                                         2000]}},
                                      [{gen_server,call,3,
                                        [{file,"gen_server.erl"},{line,188}]},
                                       {ns_heart,grab_one_service_status,1,
                                        [{file,"src/ns_heart.erl"},
                                         {line,509}]},
                                       {ns_heart,
                                        '-grab_service_statuses/0-lc$^1/1-1-',
                                        1,
                                        [{file,"src/ns_heart.erl"},
                                         {line,505}]},
                                       {ns_heart,current_status_slow_inner,0,
                                        [{file,"src/ns_heart.erl"},
                                         {line,349}]},
                                       {ns_heart,current_status_slow,1,
                                        [{file,"src/ns_heart.erl"},
                                         {line,250}]},
                                       {ns_heart,update_current_status,1,
                                        [{file,"src/ns_heart.erl"},
                                         {line,187}]},
                                       {ns_heart,handle_info,2,
                                        [{file,"src/ns_heart.erl"},
                                         {line,118}]},
                                       {gen_server,handle_msg,5,
                                        [{file,"gen_server.erl"},
                                         {line,604}]}]}
[ns_server:error,2018-06-15T20:08:01.747Z,ns_1@127.0.0.1:ns_heart<0.285.0>:ns_heart:grab_one_service_status:512]Failed to grab service fts status: {exit,
                                    {noproc,
                                     {gen_server,call,
                                      ['service_agent-fts',get_status,2000]}},
                                    [{gen_server,call,3,
                                      [{file,"gen_server.erl"},{line,188}]},
                                     {ns_heart,grab_one_service_status,1,
                                      [{file,"src/ns_heart.erl"},{line,509}]},
                                     {ns_heart,
                                      '-grab_service_statuses/0-lc$^1/1-1-',1,
                                      [{file,"src/ns_heart.erl"},{line,505}]},
                                     {ns_heart,
                                      '-grab_service_statuses/0-lc$^1/1-1-',1,
                                      [{file,"src/ns_heart.erl"},{line,505}]},
                                     {ns_heart,current_status_slow_inner,0,
                                      [{file,"src/ns_heart.erl"},{line,349}]},
                                     {ns_heart,current_status_slow,1,
                                      [{file,"src/ns_heart.erl"},{line,250}]},
                                     {ns_heart,update_current_status,1,
                                      [{file,"src/ns_heart.erl"},{line,187}]},
                                     {ns_heart,handle_info,2,
                                      [{file,"src/ns_heart.erl"},
                                       {line,118}]}]}
[ns_server:error,2018-06-15T20:08:01.764Z,ns_1@127.0.0.1:ns_heart_slow_status_updater<0.291.0>:ns_heart:grab_one_service_status:512]Failed to grab service index status: {exit,
                                      {noproc,
                                       {gen_server,call,
                                        ['service_agent-index',get_status,
                                         2000]}},
                                      [{gen_server,call,3,
                                        [{file,"gen_server.erl"},{line,188}]},
                                       {ns_heart,grab_one_service_status,1,
                                        [{file,"src/ns_heart.erl"},
                                         {line,509}]},
                                       {ns_heart,
                                        '-grab_service_statuses/0-lc$^1/1-1-',
                                        1,
                                        [{file,"src/ns_heart.erl"},
                                         {line,505}]},
                                       {ns_heart,current_status_slow_inner,0,
                                        [{file,"src/ns_heart.erl"},
                                         {line,349}]},
                                       {ns_heart,current_status_slow,1,
                                        [{file,"src/ns_heart.erl"},
                                         {line,250}]},
                                       {ns_heart,slow_updater_loop,0,
                                        [{file,"src/ns_heart.erl"},
                                         {line,244}]},
                                       {proc_lib,init_p_do_apply,3,
                                        [{file,"proc_lib.erl"},{line,239}]}]}
[ns_server:error,2018-06-15T20:08:01.765Z,ns_1@127.0.0.1:ns_heart_slow_status_updater<0.291.0>:ns_heart:grab_one_service_status:512]Failed to grab service fts status: {exit,
                                    {noproc,
                                     {gen_server,call,
                                      ['service_agent-fts',get_status,2000]}},
                                    [{gen_server,call,3,
                                      [{file,"gen_server.erl"},{line,188}]},
                                     {ns_heart,grab_one_service_status,1,
                                      [{file,"src/ns_heart.erl"},{line,509}]},
                                     {ns_heart,
                                      '-grab_service_statuses/0-lc$^1/1-1-',1,
                                      [{file,"src/ns_heart.erl"},{line,505}]},
                                     {ns_heart,
                                      '-grab_service_statuses/0-lc$^1/1-1-',1,
                                      [{file,"src/ns_heart.erl"},{line,505}]},
                                     {ns_heart,current_status_slow_inner,0,
                                      [{file,"src/ns_heart.erl"},{line,349}]},
                                     {ns_heart,current_status_slow,1,
                                      [{file,"src/ns_heart.erl"},{line,250}]},
                                     {ns_heart,slow_updater_loop,0,
                                      [{file,"src/ns_heart.erl"},{line,244}]},
                                     {proc_lib,init_p_do_apply,3,
                                      [{file,"proc_lib.erl"},{line,239}]}]}
[ns_server:error,2018-06-15T20:08:02.110Z,ns_1@127.0.0.1:index_status_keeper_worker<0.425.0>:index_rest:get_json:42]Request to (indexer) http://127.0.0.1:9102/getIndexStatus failed: {error,
                                                                   {econnrefused,
                                                                    [{lhttpc_client,
                                                                      send_request,
                                                                      1,
                                                                      [{file,
                                                                        "/home/couchbase/jenkins/workspace/couchbase-server-unix/couchdb/src/lhttpc/lhttpc_client.erl"},
                                                                       {line,
                                                                        220}]},
                                                                     {lhttpc_client,
                                                                      execute,
                                                                      9,
                                                                      [{file,
                                                                        "/home/couchbase/jenkins/workspace/couchbase-server-unix/couchdb/src/lhttpc/lhttpc_client.erl"},
                                                                       {line,
                                                                        169}]},
                                                                     {lhttpc_client,
                                                                      request,
                                                                      9,
                                                                      [{file,
                                                                        "/home/couchbase/jenkins/workspace/couchbase-server-unix/couchdb/src/lhttpc/lhttpc_client.erl"},
                                                                       {line,
                                                                        92}]}]}}
[ns_server:error,2018-06-15T20:08:02.111Z,ns_1@127.0.0.1:index_status_keeper_worker<0.425.0>:index_rest:get_json:42]Request to (fts) http://127.0.0.1:8094/api/nsstatus failed: {error,
                                                             {econnrefused,
                                                              [{lhttpc_client,
                                                                send_request,
                                                                1,
                                                                [{file,
                                                                  "/home/couchbase/jenkins/workspace/couchbase-server-unix/couchdb/src/lhttpc/lhttpc_client.erl"},
                                                                 {line,220}]},
                                                               {lhttpc_client,
                                                                execute,9,
                                                                [{file,
                                                                  "/home/couchbase/jenkins/workspace/couchbase-server-unix/couchdb/src/lhttpc/lhttpc_client.erl"},
                                                                 {line,169}]},
                                                               {lhttpc_client,
                                                                request,9,
                                                                [{file,
                                                                  "/home/couchbase/jenkins/workspace/couchbase-server-unix/couchdb/src/lhttpc/lhttpc_client.erl"},
                                                                 {line,
                                                                  92}]}]}}
